TN:
SF:src/index.js
FN:5,(anonymous_0)
FN:12,(anonymous_1)
FN:15,(anonymous_2)
FNF:3
FNH:3
FNDA:1,(anonymous_0)
FNDA:1,(anonymous_1)
FNDA:5,(anonymous_2)
DA:6,1
DA:7,1
DA:9,1
DA:10,1
DA:12,1
DA:13,1
DA:15,1
DA:16,5
DA:17,2
DA:19,3
DA:20,1
DA:22,2
DA:23,1
DA:25,1
DA:28,1
DA:32,1
LF:16
LH:16
BRDA:16,0,0,2
BRDA:16,0,1,3
BRDA:19,1,0,1
BRDA:19,1,1,2
BRDA:22,2,0,1
BRDA:22,2,1,1
BRF:6
BRH:6
end_of_record
TN:
SF:src/parser.js
FN:1,(anonymous_0)
FNF:1
FNH:1
FNDA:2,(anonymous_0)
DA:2,2
LF:1
LH:1
BRF:0
BRH:0
end_of_record
