TN:
SF:src/index.js
FN:6,(anonymous_0)
FN:27,(anonymous_1)
FN:30,(anonymous_2)
FNF:3
FNH:3
FNDA:7,(anonymous_0)
FNDA:7,(anonymous_1)
FNDA:35,(anonymous_2)
DA:7,7
DA:8,7
DA:9,7
DA:10,7
DA:11,7
DA:12,7
DA:14,7
DA:15,0
DA:18,7
DA:19,7
DA:20,7
DA:21,7
DA:22,7
DA:24,7
DA:27,1
DA:28,7
DA:30,7
DA:31,35
DA:32,14
DA:34,21
DA:35,7
DA:37,14
DA:38,7
DA:39,0
DA:41,7
DA:43,7
LF:26
LH:24
BRDA:6,0,0,0
BRDA:11,1,0,4
BRDA:11,1,1,3
BRDA:11,2,0,3
BRDA:11,2,1,0
BRDA:12,3,0,4
BRDA:12,3,1,3
BRDA:12,4,0,3
BRDA:12,4,1,0
BRDA:14,5,0,0
BRDA:14,5,1,7
BRDA:14,6,0,7
BRDA:14,6,1,7
BRDA:31,7,0,14
BRDA:31,7,1,21
BRDA:34,8,0,7
BRDA:34,8,1,14
BRDA:37,9,0,7
BRDA:37,9,1,7
BRDA:38,10,0,0
BRDA:38,10,1,7
BRDA:38,11,0,7
BRDA:38,11,1,0
BRDA:38,11,2,0
BRDA:38,11,3,0
BRF:25
BRH:17
end_of_record
TN:
SF:src/parser.js
FN:3,(anonymous_0)
FNF:1
FNH:1
FNDA:14,(anonymous_0)
DA:4,14
DA:5,8
DA:8,6
DA:9,6
DA:12,0
LF:5
LH:4
BRDA:4,0,0,8
BRDA:4,0,1,6
BRDA:8,1,0,6
BRDA:8,1,1,0
BRF:4
BRH:3
end_of_record
TN:
SF:src/formatters/index.js
FN:6,(anonymous_0)
FNF:1
FNH:1
FNDA:7,(anonymous_0)
DA:7,7
DA:9,2
DA:11,2
DA:13,2
DA:15,1
LF:5
LH:5
BRDA:7,0,0,2
BRDA:7,0,1,2
BRDA:7,0,2,2
BRDA:7,0,3,1
BRF:4
BRH:4
end_of_record
TN:
SF:src/formatters/json.js
FN:1,(anonymous_0)
FNF:1
FNH:1
FNDA:2,(anonymous_0)
DA:1,1
DA:2,2
LF:2
LH:2
BRF:0
BRH:0
end_of_record
TN:
SF:src/formatters/plain.js
FN:1,(anonymous_0)
FN:2,(anonymous_1)
FN:10,(anonymous_2)
FN:12,(anonymous_3)
FN:13,(anonymous_4)
FNF:5
FNH:5
FNDA:2,(anonymous_0)
FNDA:6,(anonymous_1)
FNDA:10,(anonymous_2)
FNDA:2,(anonymous_3)
FNDA:10,(anonymous_4)
DA:1,1
DA:2,2
DA:3,6
DA:4,0
DA:6,6
DA:9,2
DA:10,10
DA:12,2
DA:13,2
DA:14,10
DA:15,10
DA:17,10
DA:19,2
DA:20,2
DA:22,4
DA:23,4
DA:25,2
DA:26,2
DA:31,2
DA:32,2
LF:20
LH:19
BRDA:3,0,0,0
BRDA:3,0,1,6
BRDA:3,1,0,6
BRDA:3,1,1,0
BRDA:6,2,0,0
BRDA:6,2,1,6
BRDA:10,3,0,0
BRDA:10,3,1,10
BRDA:12,4,0,2
BRDA:17,5,0,2
BRDA:17,5,1,4
BRDA:17,5,2,2
BRF:12
BRH:8
end_of_record
TN:
SF:src/formatters/stylish.js
FN:1,(anonymous_0)
FN:5,(anonymous_1)
FN:13,(anonymous_2)
FN:18,(anonymous_3)
FNF:4
FNH:3
FNDA:2,(anonymous_0)
FNDA:12,(anonymous_1)
FNDA:0,(anonymous_2)
FNDA:10,(anonymous_3)
DA:1,1
DA:2,2
DA:3,2
DA:5,2
DA:6,12
DA:7,12
DA:10,0
DA:11,0
DA:13,0
DA:15,0
DA:18,2
DA:19,10
DA:20,10
DA:22,10
DA:24,2
DA:26,4
DA:28,2
DA:30,2
DA:32,0
DA:36,2
LF:20
LH:15
BRDA:6,0,0,12
BRDA:6,0,1,0
BRDA:6,1,0,12
BRDA:6,1,1,0
BRDA:22,2,0,2
BRDA:22,2,1,4
BRDA:22,2,2,2
BRDA:22,2,3,2
BRDA:22,2,4,0
BRF:9
BRH:6
end_of_record
